<?xml version="1.0" encoding="UTF-8"?>
<testng-results ignored="0" total="1" passed="1" failed="0" skipped="0">
  <reporter-output>
  </reporter-output>
  <suite started-at="2022-10-02T00:14:55 IST" name="Default suite" finished-at="2022-10-02T00:14:55 IST" duration-ms="101">
    <groups>
    </groups>
    <test started-at="2022-10-02T00:14:55 IST" name="Default test" finished-at="2022-10-02T00:14:55 IST" duration-ms="101">
      <class name="Demo.ContactTest">
        <test-method signature="contact()[pri:0, instance:Demo.ContactTest@247d8ae]" started-at="2022-10-02T00:14:55 IST" name="contact" finished-at="2022-10-02T00:14:55 IST" duration-ms="16" status="PASS">
          <reporter-output>
          </reporter-output>
        </test-method> <!-- contact -->
      </class> <!-- Demo.ContactTest -->
    </test> <!-- Default test -->
  </suite> <!-- Default suite -->
</testng-results>
